<?xml version="1.0" encoding="UTF-8"?>
<testsuite xmlns:xsi="http://www.w3.org/2001/XMLSchema-instance" xsi:noNamespaceSchemaLocation="https://maven.apache.org/surefire/maven-surefire-plugin/xsd/surefire-test-report-3.0.xsd" version="3.0" name="de.exxcellent.challenge.AppTest" time="0.031" tests="2" errors="0" skipped="0" failures="0">
  <properties>
[...]
</properties>
  <testcase name="runFootball" classname="de.exxcellent.challenge.AppTest" time="0.017">
    <system-out><![CDATA[Day with smallest temperature spread : Someday
Team with smallest goal spread       : A good team
]]></system-out>
  </testcase>
  <testcase name="aPointlessTest" classname="de.exxcellent.challenge.AppTest" time="0.003"/>
</testsuite>